Build started 2020/12/24 12:08:48.
     1>Project "F:\C++Test\Code_Templates\图论\广度优先搜索\PushBoxGame\PushBoxGame\PushBoxGame.vcxproj" on node 2 (Build target(s)).
     1>ClCompile:
         D:\Microsoft Visual Studio 12.0\VC\bin\CL.exe /c /I"D:\Visual Leak Detector\include" /ZI /nologo /W3 /WX- /Od /Oy- /D WIN32 /D _DEBUG /D _CONSOLE /D _LIB /D _UNICODE /D UNICODE /Gm /EHsc /RTC1 /MDd /GS /fp:precise /Zc:wchar_t /Zc:forScope /Fo"Debug\\" /Fd"Debug\vc120.pdb" /Gd /TP /analyze- /errorReport:prompt hash.cpp main.cpp path.cpp pushboxgame.cpp pushboxstate.cpp
         hash.cpp
         Generating Code...
         Compiling...
         pushboxstate.cpp
     1>f:\c++test\code_templates\图论\广度优先搜索\pushboxgame\pushboxgame\pushboxstate.cpp(130): warning C4244: 'initializing' : conversion from '__int64' to 'int', possible loss of data
         pushboxgame.cpp
     1>f:\c++test\code_templates\图论\广度优先搜索\pushboxgame\pushboxgame\pushboxgame.cpp(19): warning C4996: 'freopen': This function or variable may be unsafe. Consider using freopen_s instead. To disable deprecation, use _CRT_SECURE_NO_WARNINGS. See online help for details.
                 d:\microsoft visual studio 12.0\vc\include\stdio.h(226) : see declaration of 'freopen'
     1>f:\c++test\code_templates\图论\广度优先搜索\pushboxgame\pushboxgame\pushboxgame.cpp(21): warning C4996: 'scanf': This function or variable may be unsafe. Consider using scanf_s instead. To disable deprecation, use _CRT_SECURE_NO_WARNINGS. See online help for details.
                 d:\microsoft visual studio 12.0\vc\include\stdio.h(283) : see declaration of 'scanf'
     1>f:\c++test\code_templates\图论\广度优先搜索\pushboxgame\pushboxgame\pushboxgame.cpp(28): warning C4996: 'gets': This function or variable may be unsafe. Consider using gets_s instead. To disable deprecation, use _CRT_SECURE_NO_WARNINGS. See online help for details.
                 d:\microsoft visual studio 12.0\vc\include\stdio.h(254) : see declaration of 'gets'
     1>f:\c++test\code_templates\图论\广度优先搜索\pushboxgame\pushboxgame\pushboxgame.cpp(39): warning C4996: 'freopen': This function or variable may be unsafe. Consider using freopen_s instead. To disable deprecation, use _CRT_SECURE_NO_WARNINGS. See online help for details.
                 d:\microsoft visual studio 12.0\vc\include\stdio.h(226) : see declaration of 'freopen'
     1>f:\c++test\code_templates\图论\广度优先搜索\pushboxgame\pushboxgame\pushboxgame.cpp(213): warning C4101: 'manValue' : unreferenced local variable
     1>f:\c++test\code_templates\图论\广度优先搜索\pushboxgame\pushboxgame\pushboxgame.cpp(341): warning C4018: '<' : signed/unsigned mismatch
         path.cpp
         main.cpp
     1>f:\c++test\code_templates\图论\广度优先搜索\pushboxgame\pushboxgame\main.cpp(11): warning C4996: 'scanf': This function or variable may be unsafe. Consider using scanf_s instead. To disable deprecation, use _CRT_SECURE_NO_WARNINGS. See online help for details.
                 d:\microsoft visual studio 12.0\vc\include\stdio.h(283) : see declaration of 'scanf'
     1>f:\c++test\code_templates\图论\广度优先搜索\pushboxgame\pushboxgame\main.cpp(12): warning C4996: 'sprintf': This function or variable may be unsafe. Consider using sprintf_s instead. To disable deprecation, use _CRT_SECURE_NO_WARNINGS. See online help for details.
                 d:\microsoft visual studio 12.0\vc\include\stdio.h(356) : see declaration of 'sprintf'
         Generating Code...
       Link:
         D:\Microsoft Visual Studio 12.0\VC\bin\link.exe /ERRORREPORT:PROMPT /OUT:"F:\C++Test\Code_Templates\图论\广度优先搜索\PushBoxGame\Debug\PushBoxGame.exe" /INCREMENTAL /NOLOGO /LIBPATH:"D:\Visual Leak Detector\lib\Win32" kernel32.lib user32.lib gdi32.lib winspool.lib comdlg32.lib advapi32.lib shell32.lib ole32.lib oleaut32.lib uuid.lib odbc32.lib odbccp32.lib /MANIFEST /MANIFESTUAC:"level='asInvoker' uiAccess='false'" /manifest:embed /DEBUG /PDB:"F:\C++Test\Code_Templates\图论\广度优先搜索\PushBoxGame\Debug\PushBoxGame.pdb" /SUBSYSTEM:CONSOLE /TLBID:1 /DYNAMICBASE /NXCOMPAT /IMPLIB:"F:\C++Test\Code_Templates\图论\广度优先搜索\PushBoxGame\Debug\PushBoxGame.lib" /MACHINE:X86 Debug\hash.obj
         Debug\main.obj
         Debug\path.obj
         Debug\pushboxgame.obj
         Debug\pushboxstate.obj
         PushBoxGame.vcxproj -> F:\C++Test\Code_Templates\图论\广度优先搜索\PushBoxGame\Debug\PushBoxGame.exe
     1>Done Building Project "F:\C++Test\Code_Templates\图论\广度优先搜索\PushBoxGame\PushBoxGame\PushBoxGame.vcxproj" (Build target(s)).

Build succeeded.

Time Elapsed 00:00:02.38
